<?xml version="1.0" encoding="UTF-8"?>
<!-- Generated by org.testng.reporters.JUnitReportReporter -->
<testsuite hostname="Nithya-PC" failures="0" tests="2" name="Maven_POM_Ecomm.HomePageTest" time="3.659" errors="0" timestamp="2022-02-27T00:39:42 IST" skipped="0">
  <testcase classname="Maven_POM_Ecomm.HomePageTest" name="VerifyTitle" time="0.121"/>
  <system-out/>
  <testcase classname="Maven_POM_Ecomm.HomePageTest" name="VerifyingSignInClick" time="3.538"/>
  <system-out/>
</testsuite> <!-- Maven_POM_Ecomm.HomePageTest -->
